2024-11-14T12:11:48.298-05:00  WARN 10740 --- [examenparcial] [HikariPool-2 housekeeper] com.zaxxer.hikari.pool.HikariPool        : HikariPool-2 - Thread starvation or clock leap detected (housekeeper delta=20h56m2s345ms3µs900ns).
2024-11-14T12:21:39.077-05:00  INFO 31708 --- [examenparcial] [restartedMain] .e.DevToolsPropertyDefaultsPostProcessor : Devtools property defaults active! Set 'spring.devtools.add-properties' to 'false' to disable
2024-11-14T12:21:39.079-05:00  INFO 31708 --- [examenparcial] [restartedMain] .e.DevToolsPropertyDefaultsPostProcessor : For additional web related logging consider setting the 'logging.level.web' property to 'DEBUG'
2024-11-14T12:21:39.912-05:00  INFO 31708 --- [examenparcial] [restartedMain] .s.d.r.c.RepositoryConfigurationDelegate : Bootstrapping Spring Data JPA repositories in DEFAULT mode.
2024-11-14T12:21:39.967-05:00  INFO 31708 --- [examenparcial] [restartedMain] .s.d.r.c.RepositoryConfigurationDelegate : Finished Spring Data repository scanning in 46 ms. Found 1 JPA repository interface.
2024-11-14T12:21:40.707-05:00  INFO 31708 --- [examenparcial] [restartedMain] o.s.b.w.embedded.tomcat.TomcatWebServer  : Tomcat initialized with port 8081 (http)
2024-11-14T12:21:40.737-05:00  INFO 31708 --- [examenparcial] [restartedMain] o.apache.catalina.core.StandardService   : Starting service [Tomcat]
2024-11-14T12:21:40.737-05:00  INFO 31708 --- [examenparcial] [restartedMain] o.apache.catalina.core.StandardEngine    : Starting Servlet engine: [Apache Tomcat/10.1.31]
2024-11-14T12:21:40.784-05:00  INFO 31708 --- [examenparcial] [restartedMain] o.a.c.c.C.[Tomcat].[localhost].[/]       : Initializing Spring embedded WebApplicationContext
2024-11-14T12:21:40.785-05:00  INFO 31708 --- [examenparcial] [restartedMain] w.s.c.ServletWebServerApplicationContext : Root WebApplicationContext: initialization completed in 1703 ms
2024-11-14T12:21:41.062-05:00  INFO 31708 --- [examenparcial] [restartedMain] o.hibernate.jpa.internal.util.LogHelper  : HHH000204: Processing PersistenceUnitInfo [name: default]
2024-11-14T12:21:41.108-05:00  INFO 31708 --- [examenparcial] [restartedMain] org.hibernate.Version                    : HHH000412: Hibernate ORM core version 6.5.3.Final
2024-11-14T12:21:41.131-05:00  INFO 31708 --- [examenparcial] [restartedMain] o.h.c.internal.RegionFactoryInitiator    : HHH000026: Second-level cache disabled
2024-11-14T12:21:41.376-05:00  INFO 31708 --- [examenparcial] [restartedMain] o.s.o.j.p.SpringPersistenceUnitInfo      : No LoadTimeWeaver setup: ignoring JPA class transformer
2024-11-14T12:21:41.400-05:00  INFO 31708 --- [examenparcial] [restartedMain] com.zaxxer.hikari.HikariDataSource       : HikariPool-1 - Starting...
2024-11-14T12:21:41.698-05:00  INFO 31708 --- [examenparcial] [restartedMain] com.zaxxer.hikari.pool.HikariPool        : HikariPool-1 - Added connection com.mysql.cj.jdbc.ConnectionImpl@1926efa9
2024-11-14T12:21:41.700-05:00  INFO 31708 --- [examenparcial] [restartedMain] com.zaxxer.hikari.HikariDataSource       : HikariPool-1 - Start completed.
2024-11-14T12:21:42.561-05:00  INFO 31708 --- [examenparcial] [restartedMain] o.h.e.t.j.p.i.JtaPlatformInitiator       : HHH000489: No JTA platform available (set 'hibernate.transaction.jta.platform' to enable JTA platform integration)
2024-11-14T12:21:42.605-05:00  INFO 31708 --- [examenparcial] [restartedMain] j.LocalContainerEntityManagerFactoryBean : Initialized JPA EntityManagerFactory for persistence unit 'default'
2024-11-14T12:21:43.561-05:00  INFO 31708 --- [examenparcial] [restartedMain] o.s.b.a.e.web.EndpointLinksResolver      : Exposing 1 endpoint beneath base path '/actuator'
2024-11-14T12:21:43.648-05:00  INFO 31708 --- [examenparcial] [restartedMain] o.s.b.w.embedded.tomcat.TomcatWebServer  : Tomcat started on port 8081 (http) with context path '/'
2024-11-14T12:23:07.222-05:00  INFO 29440 --- [examenparcial] [restartedMain] .e.DevToolsPropertyDefaultsPostProcessor : Devtools property defaults active! Set 'spring.devtools.add-properties' to 'false' to disable
2024-11-14T12:23:07.224-05:00  INFO 29440 --- [examenparcial] [restartedMain] .e.DevToolsPropertyDefaultsPostProcessor : For additional web related logging consider setting the 'logging.level.web' property to 'DEBUG'
2024-11-14T12:23:08.062-05:00  INFO 29440 --- [examenparcial] [restartedMain] .s.d.r.c.RepositoryConfigurationDelegate : Bootstrapping Spring Data JPA repositories in DEFAULT mode.
2024-11-14T12:23:08.111-05:00  INFO 29440 --- [examenparcial] [restartedMain] .s.d.r.c.RepositoryConfigurationDelegate : Finished Spring Data repository scanning in 41 ms. Found 1 JPA repository interface.
2024-11-14T12:23:08.833-05:00  INFO 29440 --- [examenparcial] [restartedMain] o.s.b.w.embedded.tomcat.TomcatWebServer  : Tomcat initialized with port 8081 (http)
2024-11-14T12:23:08.851-05:00  INFO 29440 --- [examenparcial] [restartedMain] o.apache.catalina.core.StandardService   : Starting service [Tomcat]
2024-11-14T12:23:08.852-05:00  INFO 29440 --- [examenparcial] [restartedMain] o.apache.catalina.core.StandardEngine    : Starting Servlet engine: [Apache Tomcat/10.1.31]
2024-11-14T12:23:08.900-05:00  INFO 29440 --- [examenparcial] [restartedMain] o.a.c.c.C.[Tomcat].[localhost].[/]       : Initializing Spring embedded WebApplicationContext
2024-11-14T12:23:08.901-05:00  INFO 29440 --- [examenparcial] [restartedMain] w.s.c.ServletWebServerApplicationContext : Root WebApplicationContext: initialization completed in 1676 ms
2024-11-14T12:23:09.183-05:00  INFO 29440 --- [examenparcial] [restartedMain] o.hibernate.jpa.internal.util.LogHelper  : HHH000204: Processing PersistenceUnitInfo [name: default]
2024-11-14T12:23:09.224-05:00  INFO 29440 --- [examenparcial] [restartedMain] org.hibernate.Version                    : HHH000412: Hibernate ORM core version 6.5.3.Final
2024-11-14T12:23:09.252-05:00  INFO 29440 --- [examenparcial] [restartedMain] o.h.c.internal.RegionFactoryInitiator    : HHH000026: Second-level cache disabled
2024-11-14T12:23:09.501-05:00  INFO 29440 --- [examenparcial] [restartedMain] o.s.o.j.p.SpringPersistenceUnitInfo      : No LoadTimeWeaver setup: ignoring JPA class transformer
2024-11-14T12:23:09.528-05:00  INFO 29440 --- [examenparcial] [restartedMain] com.zaxxer.hikari.HikariDataSource       : HikariPool-1 - Starting...
2024-11-14T12:23:09.778-05:00  INFO 29440 --- [examenparcial] [restartedMain] com.zaxxer.hikari.pool.HikariPool        : HikariPool-1 - Added connection com.mysql.cj.jdbc.ConnectionImpl@7d7cd104
2024-11-14T12:23:09.781-05:00  INFO 29440 --- [examenparcial] [restartedMain] com.zaxxer.hikari.HikariDataSource       : HikariPool-1 - Start completed.
2024-11-14T12:23:10.461-05:00  INFO 29440 --- [examenparcial] [restartedMain] o.h.e.t.j.p.i.JtaPlatformInitiator       : HHH000489: No JTA platform available (set 'hibernate.transaction.jta.platform' to enable JTA platform integration)
2024-11-14T12:23:10.498-05:00  INFO 29440 --- [examenparcial] [restartedMain] j.LocalContainerEntityManagerFactoryBean : Initialized JPA EntityManagerFactory for persistence unit 'default'
2024-11-14T12:23:11.377-05:00  INFO 29440 --- [examenparcial] [restartedMain] o.s.b.a.e.web.EndpointLinksResolver      : Exposing 1 endpoint beneath base path '/actuator'
2024-11-14T12:23:11.454-05:00  INFO 29440 --- [examenparcial] [restartedMain] o.s.b.w.embedded.tomcat.TomcatWebServer  : Tomcat started on port 8081 (http) with context path '/'
2024-11-14T12:23:17.162-05:00  INFO 29440 --- [examenparcial] [http-nio-8081-exec-2] o.a.c.c.C.[Tomcat].[localhost].[/]       : Initializing Spring DispatcherServlet 'dispatcherServlet'
2024-11-14T12:23:17.162-05:00  INFO 29440 --- [examenparcial] [http-nio-8081-exec-2] o.s.web.servlet.DispatcherServlet        : Initializing Servlet 'dispatcherServlet'
2024-11-14T12:23:17.165-05:00  INFO 29440 --- [examenparcial] [http-nio-8081-exec-2] o.s.web.servlet.DispatcherServlet        : Completed initialization in 2 ms
